<?xml version="1.0" encoding="UTF-8"?>
<!-- Generated by org.testng.reporters.JUnitXMLReporter -->
<testsuite hostname="Nikolas-MacBook-Pro.local" name="Command line test" tests="4" failures="0" timestamp="14 May 2018 11:34:52 GMT" time="80.792" errors="0">
  <testcase name="AddMultipleDifferentItems" time="12.93" classname="com.dimaria95.testapp.AddToCartTest"/>
  <testcase name="AddMultipleSameItemsToCart" time="7.736" classname="com.dimaria95.testapp.AddToCartTest"/>
  <testcase name="AddOneItemToCart" time="7.689" classname="com.dimaria95.testapp.AddToCartTest"/>
  <testcase name="removeOneItem" time="11.924" classname="com.dimaria95.testapp.AddToCartTest"/>
</testsuite> <!-- Command line test -->
