<?xml version="1.0" encoding="UTF-8"?>
<!-- Generated by org.testng.reporters.JUnitXMLReporter -->
<testsuite hostname="Nikolas-MacBook-Pro.local" name="Command line test" tests="4" failures="0" timestamp="15 May 2018 09:07:39 GMT" time="96.867" errors="0">
  <testcase name="AddMultipleDifferentItems" time="15.484" classname="com.dimaria95.testapp.AddToCartTest"/>
  <testcase name="AddMultipleSameItemsToCart" time="13.283" classname="com.dimaria95.testapp.AddToCartTest"/>
  <testcase name="AddOneItemToCart" time="10.88" classname="com.dimaria95.testapp.AddToCartTest"/>
  <testcase name="removeOneItem" time="8.85" classname="com.dimaria95.testapp.AddToCartTest"/>
</testsuite> <!-- Command line test -->
