<?xml version="1.0" encoding="UTF-8"?>
<!-- Generated by org.testng.reporters.JUnitXMLReporter -->
<testsuite hostname="Nikolas-MacBook-Pro.local" name="Command line test" tests="5" failures="0" timestamp="15 May 2018 10:02:17 GMT" time="116.561" errors="0">
  <testcase name="AddOneItemToCart" time="9.878" classname="com.dimaria95.testapp.AddToCartTest"/>
  <testcase name="removeOneItem" time="9.758" classname="com.dimaria95.testapp.AddToCartTest"/>
  <testcase name="checkoutFlowTest" time="17.747" classname="com.dimaria95.testapp.CheckoutTest"/>
  <testcase name="categorySearch" time="2.734" classname="com.dimaria95.testapp.SearchTest"/>
  <testcase name="priceSearch" time="3.301" classname="com.dimaria95.testapp.SearchTest"/>
</testsuite> <!-- Command line test -->
