<?xml version="1.0" encoding="UTF-8"?>
<testng-results skipped="0" failed="0" total="8" passed="8">
  <reporter-output>
  </reporter-output>
  <suite name="Command line suite" duration-ms="159218" started-at="2018-05-15T09:08:03Z" finished-at="2018-05-15T09:10:43Z">
    <groups>
    </groups>
    <test name="Command line test" duration-ms="159218" started-at="2018-05-15T09:08:03Z" finished-at="2018-05-15T09:10:43Z">
      <class name="com.dimaria95.testapp.CheckoutTest">
        <test-method status="PASS" signature="setupTest()[pri:0, instance:com.dimaria95.testapp.CheckoutTest@735f7ae5]" name="setupTest" is-config="true" duration-ms="15270" started-at="2018-05-15T11:09:23Z" finished-at="2018-05-15T11:09:38Z">
          <reporter-output>
          </reporter-output>
        </test-method> <!-- setupTest -->
        <test-method status="PASS" signature="initEmptyCart()[pri:0, instance:com.dimaria95.testapp.CheckoutTest@735f7ae5]" name="initEmptyCart" is-config="true" duration-ms="14351" started-at="2018-05-15T11:09:38Z" finished-at="2018-05-15T11:09:52Z">
          <reporter-output>
          </reporter-output>
        </test-method> <!-- initEmptyCart -->
        <test-method status="PASS" signature="checkoutFlowTest()[pri:0, instance:com.dimaria95.testapp.CheckoutTest@735f7ae5]" name="checkoutFlowTest" duration-ms="16135" started-at="2018-05-15T11:09:52Z" finished-at="2018-05-15T11:10:08Z">
          <reporter-output>
          </reporter-output>
        </test-method> <!-- checkoutFlowTest -->
        <test-method status="PASS" signature="tearDown()[pri:0, instance:com.dimaria95.testapp.CheckoutTest@735f7ae5]" name="tearDown" is-config="true" duration-ms="983" started-at="2018-05-15T11:10:08Z" finished-at="2018-05-15T11:10:09Z">
          <reporter-output>
          </reporter-output>
        </test-method> <!-- tearDown -->
      </class> <!-- com.dimaria95.testapp.CheckoutTest -->
      <class name="com.dimaria95.testapp.SearchTest">
        <test-method status="PASS" signature="setupTest()[pri:0, instance:com.dimaria95.testapp.SearchTest@180bc464]" name="setupTest" is-config="true" duration-ms="17299" started-at="2018-05-15T11:10:09Z" finished-at="2018-05-15T11:10:27Z">
          <reporter-output>
          </reporter-output>
        </test-method> <!-- setupTest -->
        <test-method status="PASS" signature="categorySearch()[pri:0, instance:com.dimaria95.testapp.SearchTest@180bc464]" name="categorySearch" duration-ms="3563" started-at="2018-05-15T11:10:27Z" finished-at="2018-05-15T11:10:30Z">
          <reporter-output>
          </reporter-output>
        </test-method> <!-- categorySearch -->
        <test-method status="PASS" signature="goHome()[pri:0, instance:com.dimaria95.testapp.SearchTest@180bc464]" name="goHome" is-config="true" duration-ms="1822" started-at="2018-05-15T11:10:30Z" finished-at="2018-05-15T11:10:32Z">
          <reporter-output>
          </reporter-output>
        </test-method> <!-- goHome -->
        <test-method status="PASS" signature="invalidSearch()[pri:0, instance:com.dimaria95.testapp.SearchTest@180bc464]" name="invalidSearch" duration-ms="2289" started-at="2018-05-15T11:10:32Z" finished-at="2018-05-15T11:10:34Z">
          <reporter-output>
          </reporter-output>
        </test-method> <!-- invalidSearch -->
        <test-method status="PASS" signature="goHome()[pri:0, instance:com.dimaria95.testapp.SearchTest@180bc464]" name="goHome" is-config="true" duration-ms="1593" started-at="2018-05-15T11:10:34Z" finished-at="2018-05-15T11:10:36Z">
          <reporter-output>
          </reporter-output>
        </test-method> <!-- goHome -->
        <test-method status="PASS" signature="priceSearch()[pri:0, instance:com.dimaria95.testapp.SearchTest@180bc464]" name="priceSearch" duration-ms="3765" started-at="2018-05-15T11:10:36Z" finished-at="2018-05-15T11:10:40Z">
          <reporter-output>
          </reporter-output>
        </test-method> <!-- priceSearch -->
        <test-method status="PASS" signature="goHome()[pri:0, instance:com.dimaria95.testapp.SearchTest@180bc464]" name="goHome" is-config="true" duration-ms="2076" started-at="2018-05-15T11:10:40Z" finished-at="2018-05-15T11:10:42Z">
          <reporter-output>
          </reporter-output>
        </test-method> <!-- goHome -->
        <test-method status="PASS" signature="tearDown()[pri:0, instance:com.dimaria95.testapp.SearchTest@180bc464]" name="tearDown" is-config="true" duration-ms="791" started-at="2018-05-15T11:10:42Z" finished-at="2018-05-15T11:10:43Z">
          <reporter-output>
          </reporter-output>
        </test-method> <!-- tearDown -->
      </class> <!-- com.dimaria95.testapp.SearchTest -->
      <class name="com.dimaria95.testapp.AddToCartTest">
        <test-method status="PASS" signature="setupTest()[pri:0, instance:com.dimaria95.testapp.AddToCartTest@1324409e]" name="setupTest" is-config="true" duration-ms="10849" started-at="2018-05-15T11:08:03Z" finished-at="2018-05-15T11:08:14Z">
          <reporter-output>
          </reporter-output>
        </test-method> <!-- setupTest -->
        <test-method status="PASS" signature="initEmptyCart()[pri:0, instance:com.dimaria95.testapp.AddToCartTest@1324409e]" name="initEmptyCart" is-config="true" duration-ms="4271" started-at="2018-05-15T11:08:14Z" finished-at="2018-05-15T11:08:18Z">
          <reporter-output>
          </reporter-output>
        </test-method> <!-- initEmptyCart -->
        <test-method status="PASS" signature="AddMultipleDifferentItems()[pri:0, instance:com.dimaria95.testapp.AddToCartTest@1324409e]" name="AddMultipleDifferentItems" duration-ms="10676" started-at="2018-05-15T11:08:18Z" finished-at="2018-05-15T11:08:29Z">
          <reporter-output>
          </reporter-output>
        </test-method> <!-- AddMultipleDifferentItems -->
        <test-method status="PASS" signature="initEmptyCart()[pri:0, instance:com.dimaria95.testapp.AddToCartTest@1324409e]" name="initEmptyCart" is-config="true" duration-ms="10019" started-at="2018-05-15T11:08:29Z" finished-at="2018-05-15T11:08:39Z">
          <reporter-output>
          </reporter-output>
        </test-method> <!-- initEmptyCart -->
        <test-method status="PASS" signature="AddMultipleSameItemsToCart()[pri:0, instance:com.dimaria95.testapp.AddToCartTest@1324409e]" name="AddMultipleSameItemsToCart" duration-ms="8280" started-at="2018-05-15T11:08:39Z" finished-at="2018-05-15T11:08:47Z">
          <reporter-output>
          </reporter-output>
        </test-method> <!-- AddMultipleSameItemsToCart -->
        <test-method status="PASS" signature="initEmptyCart()[pri:0, instance:com.dimaria95.testapp.AddToCartTest@1324409e]" name="initEmptyCart" is-config="true" duration-ms="5230" started-at="2018-05-15T11:08:47Z" finished-at="2018-05-15T11:08:53Z">
          <reporter-output>
          </reporter-output>
        </test-method> <!-- initEmptyCart -->
        <test-method status="PASS" signature="AddOneItemToCart()[pri:0, instance:com.dimaria95.testapp.AddToCartTest@1324409e]" name="AddOneItemToCart" duration-ms="9759" started-at="2018-05-15T11:08:53Z" finished-at="2018-05-15T11:09:02Z">
          <reporter-output>
          </reporter-output>
        </test-method> <!-- AddOneItemToCart -->
        <test-method status="PASS" signature="initEmptyCart()[pri:0, instance:com.dimaria95.testapp.AddToCartTest@1324409e]" name="initEmptyCart" is-config="true" duration-ms="8510" started-at="2018-05-15T11:09:02Z" finished-at="2018-05-15T11:09:11Z">
          <reporter-output>
          </reporter-output>
        </test-method> <!-- initEmptyCart -->
        <test-method status="PASS" signature="removeOneItem()[pri:0, instance:com.dimaria95.testapp.AddToCartTest@1324409e]" name="removeOneItem" duration-ms="10586" started-at="2018-05-15T11:09:11Z" finished-at="2018-05-15T11:09:22Z">
          <reporter-output>
          </reporter-output>
        </test-method> <!-- removeOneItem -->
        <test-method status="PASS" signature="tearDown()[pri:0, instance:com.dimaria95.testapp.AddToCartTest@1324409e]" name="tearDown" is-config="true" duration-ms="1085" started-at="2018-05-15T11:09:22Z" finished-at="2018-05-15T11:09:23Z">
          <reporter-output>
          </reporter-output>
        </test-method> <!-- tearDown -->
      </class> <!-- com.dimaria95.testapp.AddToCartTest -->
    </test> <!-- Command line test -->
  </suite> <!-- Command line suite -->
</testng-results>
