<?xml version="1.0" encoding="UTF-8"?>
<testng-results skipped="0" failed="0" total="1" passed="1">
  <reporter-output>
  </reporter-output>
  <suite name="Default suite" duration-ms="18301" started-at="2018-05-09T13:07:16Z" finished-at="2018-05-09T13:07:34Z">
    <groups>
    </groups>
    <test name="Default test" duration-ms="18301" started-at="2018-05-09T13:07:16Z" finished-at="2018-05-09T13:07:34Z">
      <class name="com.dimaria95.testapp.LoginTest">
        <test-method status="PASS" signature="setupTest()[pri:0, instance:com.dimaria95.testapp.LoginTest@5e5792a0]" name="setupTest" is-config="true" duration-ms="18198" started-at="2018-05-09T15:07:16Z" finished-at="2018-05-09T15:07:34Z">
          <reporter-output>
          </reporter-output>
        </test-method> <!-- setupTest -->
        <test-method status="PASS" signature="testLogin()[pri:0, instance:com.dimaria95.testapp.LoginTest@5e5792a0]" name="testLogin" duration-ms="92" started-at="2018-05-09T15:07:34Z" finished-at="2018-05-09T15:07:34Z">
          <reporter-output>
          </reporter-output>
        </test-method> <!-- testLogin -->
        <test-method status="PASS" signature="tearDown()[pri:0, instance:com.dimaria95.testapp.LoginTest@5e5792a0]" name="tearDown" is-config="true" duration-ms="677" started-at="2018-05-09T15:07:34Z" finished-at="2018-05-09T15:07:35Z">
          <reporter-output>
          </reporter-output>
        </test-method> <!-- tearDown -->
      </class> <!-- com.dimaria95.testapp.LoginTest -->
    </test> <!-- Default test -->
  </suite> <!-- Default suite -->
</testng-results>
