<?xml version="1.0" encoding="UTF-8"?>
<!-- Generated by org.testng.reporters.JUnitXMLReporter -->
<testsuite hostname="Nikolas-MacBook-Pro.local" name="Command line test" tests="3" failures="0" timestamp="14 May 2018 11:08:59 GMT" time="49.168" errors="0">
  <testcase name="categorySearch" time="2.78" classname="com.dimaria95.testapp.SearchTest"/>
  <testcase name="invalidSearch" time="2.238" classname="com.dimaria95.testapp.SearchTest"/>
  <testcase name="priceSearch" time="3.713" classname="com.dimaria95.testapp.SearchTest"/>
</testsuite> <!-- Command line test -->
