<?xml version="1.0" encoding="UTF-8"?>
<!-- Generated by org.testng.reporters.JUnitXMLReporter -->
<testsuite hostname="Nikolas-MacBook-Pro.local" name="Command line test" tests="3" failures="0" timestamp="14 May 2018 12:53:39 GMT" time="34.413" errors="0">
  <testcase name="categorySearch" time="3.584" classname="com.dimaria95.testapp.SearchTest"/>
  <testcase name="invalidSearch" time="2.876" classname="com.dimaria95.testapp.SearchTest"/>
  <testcase name="priceSearch" time="4.103" classname="com.dimaria95.testapp.SearchTest"/>
</testsuite> <!-- Command line test -->
